<?xml version="1.0" encoding="UTF-8"?>
<!-- Generated by org.testng.reporters.JUnitXMLReporter -->
<testsuite hostname="AAGRAWA-IN-LE01" name="Motorola" tests="13" failures="0" timestamp="2 Jul 2018 17:01:29 GMT" time="14.627" errors="0">
  <testcase name="@BeforeTest AppiumStarting" time="0.0" classname="com.Spending.Sanity.SanityTestcaseRun">
    <failure type="org.openqa.selenium.WebDriverException" message="An unknown server-side error occurred while processing the command. Original error: Device ZY2222RXSV was not in the list of connected devices (WARNING: The server did not provide any stacktrace information)
Command duration or timeout: 8.20 seconds
Build info: version: &amp;apos;3.11.0&amp;apos;, revision: &amp;apos;e59cfb3&amp;apos;, time: &amp;apos;2018-03-11T20:26:55.152Z&amp;apos;
System info: host: &amp;apos;AAGRAWA-IN-LE01&amp;apos;, ip: &amp;apos;192.168.56.1&amp;apos;, os.name: &amp;apos;Windows 10&amp;apos;, os.arch: &amp;apos;amd64&amp;apos;, os.version: &amp;apos;10.0&amp;apos;, java.version: &amp;apos;1.8.0_152&amp;apos;
Driver info: driver.version: AndroidDriver">
      <![CDATA[org.openqa.selenium.WebDriverException: An unknown server-side error occurred while processing the command. Original error: Device ZY2222RXSV was not in the list of connected devices (WARNING: The server did not provide any stacktrace information)
Command duration or timeout: 8.20 seconds
Build info: version: '3.11.0', revision: 'e59cfb3', time: '2018-03-11T20:26:55.152Z'
System info: host: 'AAGRAWA-IN-LE01', ip: '192.168.56.1', os.name: 'Windows 10', os.arch: 'amd64', os.version: '10.0', java.version: '1.8.0_152'
Driver info: driver.version: AndroidDriver
	at org.openqa.selenium.remote.ErrorHandler.createThrowable(ErrorHandler.java:214)
	at org.openqa.selenium.remote.ErrorHandler.throwIfResponseFailed(ErrorHandler.java:166)
	at org.openqa.selenium.remote.JsonWireProtocolResponse.lambda$new$0(JsonWireProtocolResponse.java:53)
	at org.openqa.selenium.remote.JsonWireProtocolResponse.lambda$getResponseFunction$2(JsonWireProtocolResponse.java:91)
	at org.openqa.selenium.remote.ProtocolHandshake.lambda$createSession$0(ProtocolHandshake.java:123)
	at java.util.stream.ReferencePipeline$3$1.accept(ReferencePipeline.java:193)
	at java.util.Spliterators$ArraySpliterator.tryAdvance(Spliterators.java:958)
	at java.util.stream.ReferencePipeline.forEachWithCancel(ReferencePipeline.java:126)
	at java.util.stream.AbstractPipeline.copyIntoWithCancel(AbstractPipeline.java:498)
	at java.util.stream.AbstractPipeline.copyInto(AbstractPipeline.java:485)
	at java.util.stream.AbstractPipeline.wrapAndCopyInto(AbstractPipeline.java:471)
	at java.util.stream.FindOps$FindOp.evaluateSequential(FindOps.java:152)
	at java.util.stream.AbstractPipeline.evaluate(AbstractPipeline.java:234)
	at java.util.stream.ReferencePipeline.findFirst(ReferencePipeline.java:464)
	at org.openqa.selenium.remote.ProtocolHandshake.createSession(ProtocolHandshake.java:126)
	at org.openqa.selenium.remote.ProtocolHandshake.createSession(ProtocolHandshake.java:73)
	at org.openqa.selenium.remote.HttpCommandExecutor.execute(HttpCommandExecutor.java:136)
	at io.appium.java_client.remote.AppiumCommandExecutor.execute(AppiumCommandExecutor.java:129)
	at org.openqa.selenium.remote.RemoteWebDriver.execute(RemoteWebDriver.java:545)
	at io.appium.java_client.DefaultGenericMobileDriver.execute(DefaultGenericMobileDriver.java:42)
	at io.appium.java_client.AppiumDriver.execute(AppiumDriver.java:1)
	at io.appium.java_client.android.AndroidDriver.execute(AndroidDriver.java:1)
	at org.openqa.selenium.remote.RemoteWebDriver.startSession(RemoteWebDriver.java:209)
	at org.openqa.selenium.remote.RemoteWebDriver.<init>(RemoteWebDriver.java:132)
	at io.appium.java_client.DefaultGenericMobileDriver.<init>(DefaultGenericMobileDriver.java:38)
	at io.appium.java_client.AppiumDriver.<init>(AppiumDriver.java:84)
	at io.appium.java_client.AppiumDriver.<init>(AppiumDriver.java:94)
	at io.appium.java_client.android.AndroidDriver.<init>(AndroidDriver.java:80)
	at com.Spending.AppiumConfiguration.AppiumManager.AppuimServerStarting(AppiumManager.java:27)
	at com.Spending.Sanity.SanityTestcaseRun.AppiumStarting(SanityTestcaseRun.java:67)
	at java.util.concurrent.FutureTask.run(FutureTask.java:266)
	at java.util.concurrent.ThreadPoolExecutor.runWorker(ThreadPoolExecutor.java:1149)
	at java.util.concurrent.ThreadPoolExecutor$Worker.run(ThreadPoolExecutor.java:624)
	at java.lang.Thread.run(Thread.java:748)
... Removed 18 stack frames]]>
    </failure>
  </testcase> <!-- @BeforeTest AppiumStarting -->
  <testcase name="@AfterTest AppiumStoping" time="0.0" classname="com.Spending.Sanity.SanityTestcaseRun">
    <skipped/>
  </testcase> <!-- @AfterTest AppiumStoping -->
  <testcase name="PageObjectCreation" time="0.004" classname="com.Spending.Sanity.SanityTestcaseRun">
    <skipped/>
  </testcase> <!-- PageObjectCreation -->
  <testcase name="TestCase001" time="0.004" classname="com.Spending.Sanity.SanityTestcaseRun">
    <skipped/>
  </testcase> <!-- TestCase001 -->
  <testcase name="testCase002" time="0.004" classname="com.Spending.Sanity.SanityTestcaseRun">
    <skipped/>
  </testcase> <!-- testCase002 -->
  <testcase name="testCase003" time="0.008" classname="com.Spending.Sanity.SanityTestcaseRun">
    <skipped/>
  </testcase> <!-- testCase003 -->
  <testcase name="testCase004" time="0.0" classname="com.Spending.Sanity.SanityTestcaseRun">
    <skipped/>
  </testcase> <!-- testCase004 -->
  <testcase name="testCase005" time="0.0" classname="com.Spending.Sanity.SanityTestcaseRun">
    <skipped/>
  </testcase> <!-- testCase005 -->
  <testcase name="testCase006" time="0.0" classname="com.Spending.Sanity.SanityTestcaseRun">
    <skipped/>
  </testcase> <!-- testCase006 -->
  <testcase name="testCase007" time="0.0" classname="com.Spending.Sanity.SanityTestcaseRun">
    <skipped/>
  </testcase> <!-- testCase007 -->
  <testcase name="testCase008" time="0.0" classname="com.Spending.Sanity.SanityTestcaseRun">
    <skipped/>
  </testcase> <!-- testCase008 -->
  <testcase name="testCase009" time="0.0" classname="com.Spending.Sanity.SanityTestcaseRun">
    <skipped/>
  </testcase> <!-- testCase009 -->
  <testcase name="testCase010" time="0.004" classname="com.Spending.Sanity.SanityTestcaseRun">
    <skipped/>
  </testcase> <!-- testCase010 -->
  <testcase name="testCase011" time="0.0" classname="com.Spending.Sanity.SanityTestcaseRun">
    <skipped/>
  </testcase> <!-- testCase011 -->
  <testcase name="testCase012" time="0.0" classname="com.Spending.Sanity.SanityTestcaseRun">
    <skipped/>
  </testcase> <!-- testCase012 -->
</testsuite> <!-- Motorola -->
