<html>
<head>
<title>TestNG:  SonyXperia</title>
<link href="../testng.css" rel="stylesheet" type="text/css" />
<link href="../my-testng.css" rel="stylesheet" type="text/css" />

<style type="text/css">
.log { display: none;} 
.stack-trace { display: none;} 
</style>
<script type="text/javascript">
<!--
function flip(e) {
  current = e.style.display;
  if (current == 'block') {
    e.style.display = 'none';
    return 0;
  }
  else {
    e.style.display = 'block';
    return 1;
  }
}

function toggleBox(szDivId, elem, msg1, msg2)
{
  var res = -1;  if (document.getElementById) {
    res = flip(document.getElementById(szDivId));
  }
  else if (document.all) {
    // this is the way old msie versions work
    res = flip(document.all[szDivId]);
  }
  if(elem) {
    if(res == 0) elem.innerHTML = msg1; else elem.innerHTML = msg2;
  }

}

function toggleAllBoxes() {
  if (document.getElementsByTagName) {
    d = document.getElementsByTagName('div');
    for (i = 0; i < d.length; i++) {
      if (d[i].className == 'log') {
        flip(d[i]);
      }
    }
  }
}

// -->
</script>

</head>
<body>
<h2 align='center'>SonyXperia</h2><table border='1' align="center">
<tr>
<td>Tests passed/Failed/Skipped:</td><td>0/0/13</td>
</tr><tr>
<td>Started on:</td><td>Mon Jul 02 16:13:19 IST 2018</td>
</tr>
<tr><td>Total time:</td><td>46 seconds (46463 ms)</td>
</tr><tr>
<td>Included groups:</td><td></td>
</tr><tr>
<td>Excluded groups:</td><td></td>
</tr>
</table><p/>
<small><i>(Hover the method name to see the test class name)</i></small><p/>
<table width='100%' border='1' class='invocation-failed'>
<tr><td colspan='4' align='center'><b>FAILED CONFIGURATIONS</b></td></tr>
<tr><td><b>Test method</b></td>
<td width="30%"><b>Exception</b></td>
<td width="10%"><b>Time (seconds)</b></td>
<td><b>Instance</b></td>
</tr>
<tr>
<td title='com.Spending.Sanity.SanityTestcaseRun.AppiumStarting()'><b>AppiumStarting</b><br>Test class: com.Spending.Sanity.SanityTestcaseRun<br>Parameters: Moto G (3rd Generation), ZY2222RXSV, android, 127.0.0.1:1234/wd/hub, 1234, 2345, 1234, 127.0.0.1</td>
<td><div><pre>org.openqa.selenium.WebDriverException: An unknown server-side error occurred while processing the command. Original error: Error executing adbExec. Original error: &apos;Command &apos;C\:\\Users\\aagrawa\\AppData\\Local\\Android\\Sdk\\platform-tools\\adb.exe -P 5037 -s ZY2222RXSV install C\:\\Trimble_aman\\qa-automation-MobileReview\\SpendingTracker2\\APK\\spendingTracker.apk&apos; exited with code 1&apos;; Stderr: &apos;&apos;; Code: &apos;1&apos; (WARNING: The server did not provide any stacktrace information)
Command duration or timeout: 34.01 seconds
Build info: version: &apos;3.11.0&apos;, revision: &apos;e59cfb3&apos;, time: &apos;2018-03-11T20:26:55.152Z&apos;
System info: host: &apos;AAGRAWA-IN-LE01&apos;, ip: &apos;192.168.56.1&apos;, os.name: &apos;Windows 10&apos;, os.arch: &apos;amd64&apos;, os.version: &apos;10.0&apos;, java.version: &apos;1.8.0_152&apos;
Driver info: driver.version: AndroidDriver
	at org.openqa.selenium.remote.ErrorHandler.createThrowable(ErrorHandler.java:214)
	at org.openqa.selenium.remote.ErrorHandler.throwIfResponseFailed(ErrorHandler.java:166)
	at org.openqa.selenium.remote.JsonWireProtocolResponse.lambda$new$0(JsonWireProtocolResponse.java:53)
	at org.openqa.selenium.remote.JsonWireProtocolResponse.lambda$getResponseFunction$2(JsonWireProtocolResponse.java:91)
	at org.openqa.selenium.remote.ProtocolHandshake.lambda$createSession$0(ProtocolHandshake.java:123)
	at java.util.stream.ReferencePipeline$3$1.accept(ReferencePipeline.java:193)
	at java.util.Spliterators$ArraySpliterator.tryAdvance(Spliterators.java:958)
	at java.util.stream.ReferencePipeline.forEachWithCancel(ReferencePipeline.java:126)
	at java.util.stream.AbstractPipeline.copyIntoWithCancel(AbstractPipeline.java:498)
	at java.util.stream.AbstractPipeline.copyInto(AbstractPipeline.java:485)
	at java.util.stream.AbstractPipeline.wrapAndCopyInto(AbstractPipeline.java:471)
	at java.util.stream.FindOps$FindOp.evaluateSequential(FindOps.java:152)
	at java.util.stream.AbstractPipeline.evaluate(AbstractPipeline.java:234)
	at java.util.stream.ReferencePipeline.findFirst(ReferencePipeline.java:464)
	at org.openqa.selenium.remote.ProtocolHandshake.createSession(ProtocolHandshake.java:126)
	at org.openqa.selenium.remote.ProtocolHandshake.createSession(ProtocolHandshake.java:73)
	at org.openqa.selenium.remote.HttpCommandExecutor.execute(HttpCommandExecutor.java:136)
	at io.appium.java_client.remote.AppiumCommandExecutor.execute(AppiumCommandExecutor.java:129)
	at org.openqa.selenium.remote.RemoteWebDriver.execute(RemoteWebDriver.java:545)
	at io.appium.java_client.DefaultGenericMobileDriver.execute(DefaultGenericMobileDriver.java:42)
	at io.appium.java_client.AppiumDriver.execute(AppiumDriver.java:1)
	at io.appium.java_client.android.AndroidDriver.execute(AndroidDriver.java:1)
	at org.openqa.selenium.remote.RemoteWebDriver.startSession(RemoteWebDriver.java:209)
	at org.openqa.selenium.remote.RemoteWebDriver.&lt;init&gt;(RemoteWebDriver.java:132)
	at io.appium.java_client.DefaultGenericMobileDriver.&lt;init&gt;(DefaultGenericMobileDriver.java:38)
	at io.appium.java_client.AppiumDriver.&lt;init&gt;(AppiumDriver.java:84)
	at io.appium.java_client.AppiumDriver.&lt;init&gt;(AppiumDriver.java:94)
	at io.appium.java_client.android.AndroidDriver.&lt;init&gt;(AndroidDriver.java:80)
	at com.Spending.AppiumConfiguration.AppiumManager.AppuimServerStarting(AppiumManager.java:27)
	at com.Spending.Sanity.SanityTestcaseRun.AppiumStarting(SanityTestcaseRun.java:67)
	at java.util.concurrent.FutureTask.run(FutureTask.java:266)
	at java.util.concurrent.ThreadPoolExecutor.runWorker(ThreadPoolExecutor.java:1149)
	at java.util.concurrent.ThreadPoolExecutor$Worker.run(ThreadPoolExecutor.java:624)
	at java.lang.Thread.run(Thread.java:748)
... Removed 18 stack frames</pre></div><a href='#' onClick='toggleBox("stack-trace171229116", this, "Click to show all stack frames", "Click to hide stack frames")'>Click to show all stack frames</a>
<div class='stack-trace' id='stack-trace171229116'><pre>org.openqa.selenium.WebDriverException: An unknown server-side error occurred while processing the command. Original error: Error executing adbExec. Original error: &apos;Command &apos;C\:\\Users\\aagrawa\\AppData\\Local\\Android\\Sdk\\platform-tools\\adb.exe -P 5037 -s ZY2222RXSV install C\:\\Trimble_aman\\qa-automation-MobileReview\\SpendingTracker2\\APK\\spendingTracker.apk&apos; exited with code 1&apos;; Stderr: &apos;&apos;; Code: &apos;1&apos; (WARNING: The server did not provide any stacktrace information)
Command duration or timeout: 34.01 seconds
Build info: version: &apos;3.11.0&apos;, revision: &apos;e59cfb3&apos;, time: &apos;2018-03-11T20:26:55.152Z&apos;
System info: host: &apos;AAGRAWA-IN-LE01&apos;, ip: &apos;192.168.56.1&apos;, os.name: &apos;Windows 10&apos;, os.arch: &apos;amd64&apos;, os.version: &apos;10.0&apos;, java.version: &apos;1.8.0_152&apos;
Driver info: driver.version: AndroidDriver
	at sun.reflect.NativeConstructorAccessorImpl.newInstance0(Native Method)
	at sun.reflect.NativeConstructorAccessorImpl.newInstance(NativeConstructorAccessorImpl.java:62)
	at sun.reflect.DelegatingConstructorAccessorImpl.newInstance(DelegatingConstructorAccessorImpl.java:45)
	at java.lang.reflect.Constructor.newInstance(Constructor.java:423)
	at org.openqa.selenium.remote.ErrorHandler.createThrowable(ErrorHandler.java:214)
	at org.openqa.selenium.remote.ErrorHandler.throwIfResponseFailed(ErrorHandler.java:166)
	at org.openqa.selenium.remote.JsonWireProtocolResponse.lambda$new$0(JsonWireProtocolResponse.java:53)
	at org.openqa.selenium.remote.JsonWireProtocolResponse.lambda$getResponseFunction$2(JsonWireProtocolResponse.java:91)
	at org.openqa.selenium.remote.ProtocolHandshake.lambda$createSession$0(ProtocolHandshake.java:123)
	at java.util.stream.ReferencePipeline$3$1.accept(ReferencePipeline.java:193)
	at java.util.Spliterators$ArraySpliterator.tryAdvance(Spliterators.java:958)
	at java.util.stream.ReferencePipeline.forEachWithCancel(ReferencePipeline.java:126)
	at java.util.stream.AbstractPipeline.copyIntoWithCancel(AbstractPipeline.java:498)
	at java.util.stream.AbstractPipeline.copyInto(AbstractPipeline.java:485)
	at java.util.stream.AbstractPipeline.wrapAndCopyInto(AbstractPipeline.java:471)
	at java.util.stream.FindOps$FindOp.evaluateSequential(FindOps.java:152)
	at java.util.stream.AbstractPipeline.evaluate(AbstractPipeline.java:234)
	at java.util.stream.ReferencePipeline.findFirst(ReferencePipeline.java:464)
	at org.openqa.selenium.remote.ProtocolHandshake.createSession(ProtocolHandshake.java:126)
	at org.openqa.selenium.remote.ProtocolHandshake.createSession(ProtocolHandshake.java:73)
	at org.openqa.selenium.remote.HttpCommandExecutor.execute(HttpCommandExecutor.java:136)
	at io.appium.java_client.remote.AppiumCommandExecutor.execute(AppiumCommandExecutor.java:129)
	at org.openqa.selenium.remote.RemoteWebDriver.execute(RemoteWebDriver.java:545)
	at io.appium.java_client.DefaultGenericMobileDriver.execute(DefaultGenericMobileDriver.java:42)
	at io.appium.java_client.AppiumDriver.execute(AppiumDriver.java:1)
	at io.appium.java_client.android.AndroidDriver.execute(AndroidDriver.java:1)
	at org.openqa.selenium.remote.RemoteWebDriver.startSession(RemoteWebDriver.java:209)
	at org.openqa.selenium.remote.RemoteWebDriver.&lt;init&gt;(RemoteWebDriver.java:132)
	at io.appium.java_client.DefaultGenericMobileDriver.&lt;init&gt;(DefaultGenericMobileDriver.java:38)
	at io.appium.java_client.AppiumDriver.&lt;init&gt;(AppiumDriver.java:84)
	at io.appium.java_client.AppiumDriver.&lt;init&gt;(AppiumDriver.java:94)
	at io.appium.java_client.android.AndroidDriver.&lt;init&gt;(AndroidDriver.java:80)
	at com.Spending.AppiumConfiguration.AppiumManager.AppuimServerStarting(AppiumManager.java:27)
	at com.Spending.Sanity.SanityTestcaseRun.AppiumStarting(SanityTestcaseRun.java:67)
	at sun.reflect.NativeMethodAccessorImpl.invoke0(Native Method)
	at sun.reflect.NativeMethodAccessorImpl.invoke(NativeMethodAccessorImpl.java:62)
	at sun.reflect.DelegatingMethodAccessorImpl.invoke(DelegatingMethodAccessorImpl.java:43)
	at java.lang.reflect.Method.invoke(Method.java:498)
	at org.testng.internal.MethodInvocationHelper.invokeMethod(MethodInvocationHelper.java:86)
	at org.testng.internal.Invoker.invokeConfigurationMethod(Invoker.java:514)
	at org.testng.internal.Invoker.invokeConfigurations(Invoker.java:215)
	at org.testng.internal.Invoker.invokeConfigurations(Invoker.java:142)
	at org.testng.TestRunner.beforeRun(TestRunner.java:656)
	at org.testng.TestRunner.run(TestRunner.java:624)
	at org.testng.SuiteRunner.runTest(SuiteRunner.java:366)
	at org.testng.SuiteRunner.access$000(SuiteRunner.java:39)
	at org.testng.SuiteRunner$SuiteWorker.run(SuiteRunner.java:400)
	at org.testng.internal.thread.ThreadUtil$2.call(ThreadUtil.java:64)
	at java.util.concurrent.FutureTask.run(FutureTask.java:266)
	at java.util.concurrent.ThreadPoolExecutor.runWorker(ThreadPoolExecutor.java:1149)
	at java.util.concurrent.ThreadPoolExecutor$Worker.run(ThreadPoolExecutor.java:624)
	at java.lang.Thread.run(Thread.java:748)
</pre></div></td>
<td>0</td>
<td>null</td></tr>
</table><p>
<table width='100%' border='1' class='invocation-skipped'>
<tr><td colspan='4' align='center'><b>SKIPPED CONFIGURATIONS</b></td></tr>
<tr><td><b>Test method</b></td>
<td width="30%"><b>Exception</b></td>
<td width="10%"><b>Time (seconds)</b></td>
<td><b>Instance</b></td>
</tr>
<tr>
<td title='com.Spending.Sanity.SanityTestcaseRun.AppiumStoping()'><b>AppiumStoping</b><br>Test class: com.Spending.Sanity.SanityTestcaseRun</td>
<td></td>
<td>0</td>
<td>null</td></tr>
</table><p>
<table width='100%' border='1' class='invocation-skipped'>
<tr><td colspan='4' align='center'><b>SKIPPED TESTS</b></td></tr>
<tr><td><b>Test method</b></td>
<td width="30%"><b>Exception</b></td>
<td width="10%"><b>Time (seconds)</b></td>
<td><b>Instance</b></td>
</tr>
<tr>
<td title='com.Spending.Sanity.SanityTestcaseRun.PageObjectCreation()'><b>PageObjectCreation</b><br>Test class: com.Spending.Sanity.SanityTestcaseRun</td>
<td></td>
<td>0</td>
<td>com.Spending.Sanity.SanityTestcaseRun@71423665</td></tr>
<tr>
<td title='com.Spending.Sanity.SanityTestcaseRun.TestCase001()'><b>TestCase001</b><br>Test class: com.Spending.Sanity.SanityTestcaseRun</td>
<td></td>
<td>0</td>
<td>com.Spending.Sanity.SanityTestcaseRun@71423665</td></tr>
<tr>
<td title='com.Spending.Sanity.SanityTestcaseRun.testCase002()'><b>testCase002</b><br>Test class: com.Spending.Sanity.SanityTestcaseRun</td>
<td></td>
<td>0</td>
<td>com.Spending.Sanity.SanityTestcaseRun@71423665</td></tr>
<tr>
<td title='com.Spending.Sanity.SanityTestcaseRun.testCase003()'><b>testCase003</b><br>Test class: com.Spending.Sanity.SanityTestcaseRun</td>
<td></td>
<td>0</td>
<td>com.Spending.Sanity.SanityTestcaseRun@71423665</td></tr>
<tr>
<td title='com.Spending.Sanity.SanityTestcaseRun.testCase004()'><b>testCase004</b><br>Test class: com.Spending.Sanity.SanityTestcaseRun</td>
<td></td>
<td>0</td>
<td>com.Spending.Sanity.SanityTestcaseRun@71423665</td></tr>
<tr>
<td title='com.Spending.Sanity.SanityTestcaseRun.testCase005()'><b>testCase005</b><br>Test class: com.Spending.Sanity.SanityTestcaseRun</td>
<td></td>
<td>0</td>
<td>com.Spending.Sanity.SanityTestcaseRun@71423665</td></tr>
<tr>
<td title='com.Spending.Sanity.SanityTestcaseRun.testCase006()'><b>testCase006</b><br>Test class: com.Spending.Sanity.SanityTestcaseRun</td>
<td></td>
<td>0</td>
<td>com.Spending.Sanity.SanityTestcaseRun@71423665</td></tr>
<tr>
<td title='com.Spending.Sanity.SanityTestcaseRun.testCase007()'><b>testCase007</b><br>Test class: com.Spending.Sanity.SanityTestcaseRun</td>
<td></td>
<td>0</td>
<td>com.Spending.Sanity.SanityTestcaseRun@71423665</td></tr>
<tr>
<td title='com.Spending.Sanity.SanityTestcaseRun.testCase008()'><b>testCase008</b><br>Test class: com.Spending.Sanity.SanityTestcaseRun</td>
<td></td>
<td>0</td>
<td>com.Spending.Sanity.SanityTestcaseRun@71423665</td></tr>
<tr>
<td title='com.Spending.Sanity.SanityTestcaseRun.testCase009()'><b>testCase009</b><br>Test class: com.Spending.Sanity.SanityTestcaseRun</td>
<td></td>
<td>0</td>
<td>com.Spending.Sanity.SanityTestcaseRun@71423665</td></tr>
<tr>
<td title='com.Spending.Sanity.SanityTestcaseRun.testCase010()'><b>testCase010</b><br>Test class: com.Spending.Sanity.SanityTestcaseRun</td>
<td></td>
<td>0</td>
<td>com.Spending.Sanity.SanityTestcaseRun@71423665</td></tr>
<tr>
<td title='com.Spending.Sanity.SanityTestcaseRun.testCase011()'><b>testCase011</b><br>Test class: com.Spending.Sanity.SanityTestcaseRun</td>
<td></td>
<td>0</td>
<td>com.Spending.Sanity.SanityTestcaseRun@71423665</td></tr>
<tr>
<td title='com.Spending.Sanity.SanityTestcaseRun.testCase012()'><b>testCase012</b><br>Test class: com.Spending.Sanity.SanityTestcaseRun</td>
<td></td>
<td>0</td>
<td>com.Spending.Sanity.SanityTestcaseRun@71423665</td></tr>
</table><p>
</body>
</html>